# JRE version: OpenJDK Runtime Environment (8.0_372-b07) (build 1.8.0_372-b07)
# Java VM: OpenJDK 64-Bit Server VM (25.372-b07 mixed mode windows-amd64 compressed oops)
Heap:
 PSYoungGen      total 136192K, used 132876K [0x00000000f5580000, 0x0000000100000000, 0x0000000100000000)
  eden space 112128K, 97% used [0x00000000f5580000,0x00000000fbfe1e90,0x00000000fc300000)
  from space 24064K, 99% used [0x00000000fc500000,0x00000000fdc614f8,0x00000000fdc80000)
  to   space 31744K, 0% used [0x00000000fe100000,0x00000000fe100000,0x0000000100000000)
 ParOldGen       total 208896K, used 44996K [0x00000000e0000000, 0x00000000ecc00000, 0x00000000f5580000)
  object space 208896K, 21% used [0x00000000e0000000,0x00000000e2bf1330,0x00000000ecc00000)
 Metaspace       used 60954K, capacity 67114K, committed 67328K, reserved 1107968K
  class space    used 8427K, capacity 9384K, committed 9472K, reserved 1048576K
GC Heap History (10 events):
Event: 1833.888 GC heap before
{Heap before GC invocations=16 (full 3):
 PSYoungGen      total 145408K, used 137886K [0x00000000f5580000, 0x00000000ffe00000, 0x0000000100000000)
  eden space 121344K, 100% used [0x00000000f5580000,0x00000000fcc00000,0x00000000fcc00000)
  from space 24064K, 68% used [0x00000000fe680000,0x00000000ff6a7af0,0x00000000ffe00000)
  to   space 25600K, 0% used [0x00000000fcc00000,0x00000000fcc00000,0x00000000fe500000)
 ParOldGen       total 208896K, used 43756K [0x00000000e0000000, 0x00000000ecc00000, 0x00000000f5580000)
  object space 208896K, 20% used [0x00000000e0000000,0x00000000e2abb330,0x00000000ecc00000)
 Metaspace       used 58354K, capacity 62948K, committed 63232K, reserved 1103872K
  class space    used 8162K, capacity 8917K, committed 8960K, reserved 1048576K
Event: 1834.206 GC heap after
Heap after GC invocations=16 (full 3):
 PSYoungGen      total 146944K, used 25577K [0x00000000f5580000, 0x0000000100000000, 0x0000000100000000)
  eden space 121344K, 0% used [0x00000000f5580000,0x00000000f5580000,0x00000000fcc00000)
  from space 25600K, 99% used [0x00000000fcc00000,0x00000000fe4fa530,0x00000000fe500000)
  to   space 27648K, 0% used [0x00000000fe500000,0x00000000fe500000,0x0000000100000000)
 ParOldGen       total 208896K, used 44972K [0x00000000e0000000, 0x00000000ecc00000, 0x00000000f5580000)
  object space 208896K, 21% used [0x00000000e0000000,0x00000000e2beb330,0x00000000ecc00000)
 Metaspace       used 58354K, capacity 62948K, committed 63232K, reserved 1103872K
  class space    used 8162K, capacity 8917K, committed 8960K, reserved 1048576K
}
Event: 2682.379 GC heap before
{Heap before GC invocations=17 (full 3):
 PSYoungGen      total 146944K, used 146921K [0x00000000f5580000, 0x0000000100000000, 0x0000000100000000)
  eden space 121344K, 100% used [0x00000000f5580000,0x00000000fcc00000,0x00000000fcc00000)
  from space 25600K, 99% used [0x00000000fcc00000,0x00000000fe4fa530,0x00000000fe500000)
  to   space 27648K, 0% used [0x00000000fe500000,0x00000000fe500000,0x0000000100000000)
 ParOldGen       total 208896K, used 44972K [0x00000000e0000000, 0x00000000ecc00000, 0x00000000f5580000)
  object space 208896K, 21% used [0x00000000e0000000,0x00000000e2beb330,0x00000000ecc00000)
 Metaspace       used 59990K, capacity 66080K, committed 66304K, reserved 1105920K
  class space    used 8420K, capacity 9381K, committed 9472K, reserved 1048576K
Event: 2682.803 GC heap after
Heap after GC invocations=17 (full 3):
 PSYoungGen      total 145920K, used 14156K [0x00000000f5580000, 0x0000000100000000, 0x0000000100000000)
  eden space 118272K, 0% used [0x00000000f5580000,0x00000000f5580000,0x00000000fc900000)
  from space 27648K, 51% used [0x00000000fe500000,0x00000000ff2d32b8,0x0000000100000000)
  to   space 28160K, 0% used [0x00000000fc900000,0x00000000fc900000,0x00000000fe480000)
 ParOldGen       total 208896K, used 44980K [0x00000000e0000000, 0x00000000ecc00000, 0x00000000f5580000)
  object space 208896K, 21% used [0x00000000e0000000,0x00000000e2bed330,0x00000000ecc00000)
 Metaspace       used 59990K, capacity 66080K, committed 66304K, reserved 1105920K
  class space    used 8420K, capacity 9381K, committed 9472K, reserved 1048576K
}
Event: 2886.258 GC heap before
{Heap before GC invocations=18 (full 3):
 PSYoungGen      total 145920K, used 132428K [0x00000000f5580000, 0x0000000100000000, 0x0000000100000000)
  eden space 118272K, 100% used [0x00000000f5580000,0x00000000fc900000,0x00000000fc900000)
  from space 27648K, 51% used [0x00000000fe500000,0x00000000ff2d32b8,0x0000000100000000)
  to   space 28160K, 0% used [0x00000000fc900000,0x00000000fc900000,0x00000000fe480000)
 ParOldGen       total 208896K, used 44980K [0x00000000e0000000, 0x00000000ecc00000, 0x00000000f5580000)
  object space 208896K, 21% used [0x00000000e0000000,0x00000000e2bed330,0x00000000ecc00000)
 Metaspace       used 60330K, capacity 66484K, committed 66816K, reserved 1105920K
  class space    used 8421K, capacity 9383K, committed 9472K, reserved 1048576K
Event: 2886.568 GC heap after
Heap after GC invocations=18 (full 3):
 PSYoungGen      total 142848K, used 26328K [0x00000000f5580000, 0x0000000100000000, 0x0000000100000000)
  eden space 116224K, 0% used [0x00000000f5580000,0x00000000f5580000,0x00000000fc700000)
  from space 26624K, 98% used [0x00000000fc900000,0x00000000fe2b61e0,0x00000000fe300000)
  to   space 29696K, 0% used [0x00000000fe300000,0x00000000fe300000,0x0000000100000000)
 ParOldGen       total 208896K, used 44988K [0x00000000e0000000, 0x00000000ecc00000, 0x00000000f5580000)
  object space 208896K, 21% used [0x00000000e0000000,0x00000000e2bef330,0x00000000ecc00000)
 Metaspace       used 60330K, capacity 66484K, committed 66816K, reserved 1105920K
  class space    used 8421K, capacity 9383K, committed 9472K, reserved 1048576K
}
Event: 3518.633 GC heap before
{Heap before GC invocations=19 (full 3):
 PSYoungGen      total 142848K, used 142552K [0x00000000f5580000, 0x0000000100000000, 0x0000000100000000)
  eden space 116224K, 100% used [0x00000000f5580000,0x00000000fc700000,0x00000000fc700000)
  from space 26624K, 98% used [0x00000000fc900000,0x00000000fe2b61e0,0x00000000fe300000)
  to   space 29696K, 0% used [0x00000000fe300000,0x00000000fe300000,0x0000000100000000)
 ParOldGen       total 208896K, used 44988K [0x00000000e0000000, 0x00000000ecc00000, 0x00000000f5580000)
  object space 208896K, 21% used [0x00000000e0000000,0x00000000e2bef330,0x00000000ecc00000)
 Metaspace       used 60607K, capacity 66772K, committed 67072K, reserved 1107968K
  class space    used 8424K, capacity 9383K, committed 9472K, reserved 1048576K
Event: 3519.080 GC heap after
Heap after GC invocations=19 (full 3):
 PSYoungGen      total 142848K, used 14247K [0x00000000f5580000, 0x00000000fff00000, 0x0000000100000000)
  eden space 114176K, 0% used [0x00000000f5580000,0x00000000f5580000,0x00000000fc500000)
  from space 28672K, 49% used [0x00000000fe300000,0x00000000ff0e9d30,0x00000000fff00000)
  to   space 29696K, 0% used [0x00000000fc500000,0x00000000fc500000,0x00000000fe200000)
 ParOldGen       total 208896K, used 44996K [0x00000000e0000000, 0x00000000ecc00000, 0x00000000f5580000)
  object space 208896K, 21% used [0x00000000e0000000,0x00000000e2bf1330,0x00000000ecc00000)
 Metaspace       used 60607K, capacity 66772K, committed 67072K, reserved 1107968K
  class space    used 8424K, capacity 9383K, committed 9472K, reserved 1048576K
}
Event: 4145.469 GC heap before
{Heap before GC invocations=20 (full 3):
 PSYoungGen      total 142848K, used 128423K [0x00000000f5580000, 0x00000000fff00000, 0x0000000100000000)
  eden space 114176K, 100% used [0x00000000f5580000,0x00000000fc500000,0x00000000fc500000)
  from space 28672K, 49% used [0x00000000fe300000,0x00000000ff0e9d30,0x00000000fff00000)
  to   space 29696K, 0% used [0x00000000fc500000,0x00000000fc500000,0x00000000fe200000)
 ParOldGen       total 208896K, used 44996K [0x00000000e0000000, 0x00000000ecc00000, 0x00000000f5580000)
  object space 208896K, 21% used [0x00000000e0000000,0x00000000e2bf1330,0x00000000ecc00000)
 Metaspace       used 60751K, capacity 66904K, committed 67072K, reserved 1107968K
  class space    used 8426K, capacity 9383K, committed 9472K, reserved 1048576K
Event: 4145.803 GC heap after
Heap after GC invocations=20 (full 3):
 PSYoungGen      total 136192K, used 23941K [0x00000000f5580000, 0x0000000100000000, 0x0000000100000000)
  eden space 112128K, 0% used [0x00000000f5580000,0x00000000f5580000,0x00000000fc300000)
  from space 24064K, 99% used [0x00000000fc500000,0x00000000fdc614f8,0x00000000fdc80000)
  to   space 31744K, 0% used [0x00000000fe100000,0x00000000fe100000,0x0000000100000000)
 ParOldGen       total 208896K, used 44996K [0x00000000e0000000, 0x00000000ecc00000, 0x00000000f5580000)
  object space 208896K, 21% used [0x00000000e0000000,0x00000000e2bf1330,0x00000000ecc00000)
 Metaspace       used 60751K, capacity 66904K, committed 67072K, reserved 1107968K
  class space    used 8426K, capacity 9383K, committed 9472K, reserved 1048576K
}

